<?xml version="1.0" encoding="UTF-8"?>
<!-- Generated by org.testng.reporters.JUnitXMLReporter -->
<testsuite ignored="2" hostname="DESKTOP-7H5FTIU" failures="0" tests="1" name="Default test" time="53.218" errors="0" timestamp="2026-01-28T11:11:45 IST">
  <testcase classname="com.kpmg.test.Demo4ReadResponse" name="pojoClassTest" time="53.055"/>
  <testcase classname="com.kpmg.test.Demo4ReadResponse" name="JsonPathTest" time="0.0">
    <ignored/>
  </testcase> <!-- JsonPathTest -->
  <testcase classname="com.kpmg.test.Demo4ReadResponse" name="JsonNodeTest" time="0.0">
    <ignored/>
  </testcase> <!-- JsonNodeTest -->
</testsuite> <!-- Default test -->
