<?xml version="1.0" encoding="UTF-8"?>
<testng-results ignored="0" total="4" passed="4" failed="0" skipped="0">
  <reporter-output>
  </reporter-output>
  <suite started-at="2026-01-28T10:24:27 IST" name="Default suite" finished-at="2026-01-28T10:24:39 IST" duration-ms="11830">
    <groups>
    </groups>
    <test started-at="2026-01-28T10:24:27 IST" name="Default test" finished-at="2026-01-28T10:24:39 IST" duration-ms="11830">
      <class name="com.kpmg.test.Demo3ChainMethods">
        <test-method signature="addValidPetFromJsonTest()[pri:1, instance:com.kpmg.test.Demo3ChainMethods@223191a6]" started-at="2026-01-28T10:24:27 IST" name="addValidPetFromJsonTest" finished-at="2026-01-28T10:24:35 IST" duration-ms="8125" status="PASS">
          <reporter-output>
          </reporter-output>
        </test-method> <!-- addValidPetFromJsonTest -->
        <test-method signature="updateValidPetFromJsonTest()[pri:2, instance:com.kpmg.test.Demo3ChainMethods@223191a6]" started-at="2026-01-28T10:24:35 IST" name="updateValidPetFromJsonTest" finished-at="2026-01-28T10:24:36 IST" duration-ms="1233" status="PASS">
          <reporter-output>
          </reporter-output>
        </test-method> <!-- updateValidPetFromJsonTest -->
        <test-method signature="findValidPetIdTest()[pri:3, instance:com.kpmg.test.Demo3ChainMethods@223191a6]" started-at="2026-01-28T10:24:36 IST" name="findValidPetIdTest" finished-at="2026-01-28T10:24:38 IST" duration-ms="1168" status="PASS">
          <reporter-output>
          </reporter-output>
        </test-method> <!-- findValidPetIdTest -->
        <test-method signature="deleteValidPetIdTest()[pri:4, instance:com.kpmg.test.Demo3ChainMethods@223191a6]" started-at="2026-01-28T10:24:38 IST" name="deleteValidPetIdTest" finished-at="2026-01-28T10:24:39 IST" duration-ms="1140" status="PASS">
          <reporter-output>
          </reporter-output>
        </test-method> <!-- deleteValidPetIdTest -->
      </class> <!-- com.kpmg.test.Demo3ChainMethods -->
    </test> <!-- Default test -->
  </suite> <!-- Default suite -->
</testng-results>
