<?xml version="1.0" encoding="UTF-8"?>
<testng-results ignored="2" total="3" passed="1" failed="0" skipped="0">
  <reporter-output>
  </reporter-output>
  <suite started-at="2026-01-28T11:10:52 IST" name="Default suite" finished-at="2026-01-28T11:11:45 IST" duration-ms="53218">
    <groups>
    </groups>
    <test started-at="2026-01-28T11:10:52 IST" name="Default test" finished-at="2026-01-28T11:11:45 IST" duration-ms="53218">
      <class name="com.kpmg.test.Demo4ReadResponse">
        <test-method signature="pojoClassTest()[pri:0, instance:com.kpmg.test.Demo4ReadResponse@3e8c3cb]" started-at="2026-01-28T11:10:52 IST" name="pojoClassTest" finished-at="2026-01-28T11:11:45 IST" duration-ms="53055" status="PASS">
          <reporter-output>
          </reporter-output>
        </test-method> <!-- pojoClassTest -->
      </class> <!-- com.kpmg.test.Demo4ReadResponse -->
    </test> <!-- Default test -->
  </suite> <!-- Default suite -->
</testng-results>
