<?xml version="1.0" encoding="UTF-8"?>
<!-- Generated by org.testng.reporters.JUnitReportReporter -->
<testsuite hostname="DESKTOP-7H5FTIU" failures="0" tests="4" name="com.kpmg.test.Demo3ChainMethods" time="11.666" errors="0" timestamp="2026-01-28T10:24:39 IST" skipped="0">
  <testcase classname="com.kpmg.test.Demo3ChainMethods" name="addValidPetFromJsonTest" time="8.125"/>
  <testcase classname="com.kpmg.test.Demo3ChainMethods" name="updateValidPetFromJsonTest" time="1.233"/>
  <testcase classname="com.kpmg.test.Demo3ChainMethods" name="findValidPetIdTest" time="1.168"/>
  <testcase classname="com.kpmg.test.Demo3ChainMethods" name="deleteValidPetIdTest" time="1.140"/>
</testsuite> <!-- com.kpmg.test.Demo3ChainMethods -->
