<?xml version="1.0" encoding="UTF-8"?>
<!-- Generated by org.testng.reporters.JUnitReportReporter -->
<testsuite hostname="DESKTOP-7H5FTIU" failures="0" tests="2" name="com.kpmg.test.Demo4ReadResponse" time="14.776" errors="0" timestamp="2026-01-28T10:44:36 IST" skipped="0">
  <testcase classname="com.kpmg.test.Demo4ReadResponse" name="JsonPathTest" time="3.095"/>
  <testcase classname="com.kpmg.test.Demo4ReadResponse" name="JsonNodeTest" time="11.681"/>
</testsuite> <!-- com.kpmg.test.Demo4ReadResponse -->
